0 info it worked if it ends with ok
1 verbose cli [ '/home/ubuntu/.nvm/v0.10.35/bin/node',
1 verbose cli   '/home/ubuntu/.nvm/v0.10.35/bin/npm',
1 verbose cli   'i',
1 verbose cli   'jsbeautifier' ]
2 info using npm@1.4.28
3 info using node@v0.10.35
4 verbose cache add [ 'jsbeautifier', null ]
5 verbose cache add name=undefined spec="jsbeautifier" args=["jsbeautifier",null]
6 verbose parsed url { protocol: null,
6 verbose parsed url   slashes: null,
6 verbose parsed url   auth: null,
6 verbose parsed url   host: null,
6 verbose parsed url   port: null,
6 verbose parsed url   hostname: null,
6 verbose parsed url   hash: null,
6 verbose parsed url   search: null,
6 verbose parsed url   query: null,
6 verbose parsed url   pathname: 'jsbeautifier',
6 verbose parsed url   path: 'jsbeautifier',
6 verbose parsed url   href: 'jsbeautifier' }
7 silly lockFile 1b70bc6d-jsbeautifier jsbeautifier
8 verbose lock jsbeautifier /home/ubuntu/.npm/1b70bc6d-jsbeautifier.lock
9 silly lockFile 1b70bc6d-jsbeautifier jsbeautifier
10 silly lockFile 1b70bc6d-jsbeautifier jsbeautifier
11 verbose addNamed [ 'jsbeautifier', '' ]
12 verbose addNamed [ null, '*' ]
13 silly lockFile b33d8ba1-jsbeautifier jsbeautifier@
14 verbose lock jsbeautifier@ /home/ubuntu/.npm/b33d8ba1-jsbeautifier.lock
15 silly addNameRange { name: 'jsbeautifier', range: '*', hasData: false }
16 verbose request where is /jsbeautifier
17 verbose request registry https://registry.npmjs.org/
18 verbose request id b7219e39b6dd51cb
19 verbose url raw /jsbeautifier
20 verbose url resolving [ 'https://registry.npmjs.org/', './jsbeautifier' ]
21 verbose url resolved https://registry.npmjs.org/jsbeautifier
22 verbose request where is https://registry.npmjs.org/jsbeautifier
23 info trying registry request attempt 1 at 11:24:05
24 http GET https://registry.npmjs.org/jsbeautifier
25 http 404 https://registry.npmjs.org/jsbeautifier
26 verbose headers { server: 'CouchDB/1.5.0 (Erlang OTP/R16B03)',
26 verbose headers   'content-type': 'application/json',
26 verbose headers   'cache-control': 'max-age=0',
26 verbose headers   'content-length': '51',
26 verbose headers   'accept-ranges': 'bytes',
26 verbose headers   date: 'Thu, 11 Jun 2015 11:24:05 GMT',
26 verbose headers   via: '1.1 varnish',
26 verbose headers   age: '0',
26 verbose headers   connection: 'keep-alive',
26 verbose headers   'x-served-by': 'cache-hkg6822-HKG',
26 verbose headers   'x-cache': 'MISS',
26 verbose headers   'x-cache-hits': '0',
26 verbose headers   'x-timer': 'S1434021845.299707,VS0,VE233' }
27 silly registry.get cb [ 404,
27 silly registry.get   { server: 'CouchDB/1.5.0 (Erlang OTP/R16B03)',
27 silly registry.get     'content-type': 'application/json',
27 silly registry.get     'cache-control': 'max-age=0',
27 silly registry.get     'content-length': '51',
27 silly registry.get     'accept-ranges': 'bytes',
27 silly registry.get     date: 'Thu, 11 Jun 2015 11:24:05 GMT',
27 silly registry.get     via: '1.1 varnish',
27 silly registry.get     age: '0',
27 silly registry.get     connection: 'keep-alive',
27 silly registry.get     'x-served-by': 'cache-hkg6822-HKG',
27 silly registry.get     'x-cache': 'MISS',
27 silly registry.get     'x-cache-hits': '0',
27 silly registry.get     'x-timer': 'S1434021845.299707,VS0,VE233' } ]
28 silly lockFile b33d8ba1-jsbeautifier jsbeautifier@
29 silly lockFile b33d8ba1-jsbeautifier jsbeautifier@
30 error 404 404 Not Found: jsbeautifier
30 error 404
30 error 404 'jsbeautifier' is not in the npm registry.
30 error 404 You should bug the author to publish it
30 error 404
30 error 404 Note that you can also install from a
30 error 404 tarball, folder, or http url, or git url.
31 error System Linux 3.14.13-c9
32 error command "/home/ubuntu/.nvm/v0.10.35/bin/node" "/home/ubuntu/.nvm/v0.10.35/bin/npm" "i" "jsbeautifier"
33 error cwd /home/ubuntu/workspace
34 error node -v v0.10.35
35 error npm -v 1.4.28
36 error code E404
37 verbose exit [ 1, true ]
